{"/home/sushmit/Desktop/Leapfrog/vaccine_management/src/assets/index.js": {"path":"/home/sushmit/Desktop/Leapfrog/vaccine_management/src/assets/index.js","statementMap":{},"fnMap":{},"branchMap":{},"s":{},"f":{},"b":{},"_coverageSchema":"1a1c01bbd47fc00a2c39e90264f33305004495a9","hash":"a331a0ebbb7ce72839d2a64953b87cab9d7c274c"}
,"/home/sushmit/Desktop/Leapfrog/vaccine_management/src/components/NavBar.js": {"path":"/home/sushmit/Desktop/Leapfrog/vaccine_management/src/components/NavBar.js","statementMap":{"0":{"start":{"line":10,"column":15},"end":{"line":62,"column":1}},"1":{"start":{"line":11,"column":36},"end":{"line":11,"column":51}},"2":{"start":{"line":12,"column":19},"end":{"line":12,"column":32}},"3":{"start":{"line":13,"column":21},"end":{"line":15,"column":3}},"4":{"start":{"line":14,"column":4},"end":{"line":14,"column":23}},"5":{"start":{"line":17,"column":16},"end":{"line":24,"column":3}},"6":{"start":{"line":26,"column":17},"end":{"line":30,"column":3}},"7":{"start":{"line":32,"column":23},"end":{"line":35,"column":3}},"8":{"start":{"line":33,"column":4},"end":{"line":33,"column":31}},"9":{"start":{"line":34,"column":4},"end":{"line":34,"column":17}},"10":{"start":{"line":37,"column":30},"end":{"line":40,"column":3}},"11":{"start":{"line":38,"column":4},"end":{"line":38,"column":16}},"12":{"start":{"line":39,"column":4},"end":{"line":39,"column":17}},"13":{"start":{"line":42,"column":2},"end":{"line":61,"column":3}},"14":{"start":{"line":46,"column":33},"end":{"line":46,"column":51}}},"fnMap":{"0":{"name":"(anonymous_0)","decl":{"start":{"line":10,"column":15},"end":{"line":10,"column":16}},"loc":{"start":{"line":10,"column":36},"end":{"line":62,"column":1}},"line":10},"1":{"name":"(anonymous_1)","decl":{"start":{"line":13,"column":21},"end":{"line":13,"column":22}},"loc":{"start":{"line":13,"column":27},"end":{"line":15,"column":3}},"line":13},"2":{"name":"(anonymous_2)","decl":{"start":{"line":32,"column":23},"end":{"line":32,"column":24}},"loc":{"start":{"line":32,"column":29},"end":{"line":35,"column":3}},"line":32},"3":{"name":"(anonymous_3)","decl":{"start":{"line":37,"column":30},"end":{"line":37,"column":31}},"loc":{"start":{"line":37,"column":36},"end":{"line":40,"column":3}},"line":37},"4":{"name":"(anonymous_4)","decl":{"start":{"line":46,"column":27},"end":{"line":46,"column":28}},"loc":{"start":{"line":46,"column":33},"end":{"line":46,"column":51}},"line":46}},"branchMap":{},"s":{"0":1,"1":1,"2":1,"3":1,"4":0,"5":1,"6":1,"7":1,"8":0,"9":0,"10":1,"11":0,"12":0,"13":1,"14":0},"f":{"0":1,"1":0,"2":0,"3":0,"4":0},"b":{},"_coverageSchema":"1a1c01bbd47fc00a2c39e90264f33305004495a9","hash":"cda067bcf8959e9eac0cec8aa5a00af4da5abfc0"}
,"/home/sushmit/Desktop/Leapfrog/vaccine_management/src/components/VaccineCard.js": {"path":"/home/sushmit/Desktop/Leapfrog/vaccine_management/src/components/VaccineCard.js","statementMap":{"0":{"start":{"line":9,"column":17},"end":{"line":9,"column":60}},"1":{"start":{"line":11,"column":15},"end":{"line":16,"column":1}},"2":{"start":{"line":19,"column":20},"end":{"line":129,"column":1}},"3":{"start":{"line":20,"column":34},"end":{"line":20,"column":49}},"4":{"start":{"line":21,"column":36},"end":{"line":21,"column":51}},"5":{"start":{"line":22,"column":52},"end":{"line":22,"column":67}},"6":{"start":{"line":24,"column":18},"end":{"line":24,"column":41}},"7":{"start":{"line":27,"column":23},"end":{"line":27,"column":34}},"8":{"start":{"line":29,"column":21},"end":{"line":31,"column":3}},"9":{"start":{"line":30,"column":4},"end":{"line":30,"column":23}},"10":{"start":{"line":33,"column":29},"end":{"line":35,"column":3}},"11":{"start":{"line":34,"column":4},"end":{"line":34,"column":31}},"12":{"start":{"line":37,"column":30},"end":{"line":40,"column":3}},"13":{"start":{"line":38,"column":4},"end":{"line":38,"column":16}},"14":{"start":{"line":39,"column":4},"end":{"line":39,"column":17}},"15":{"start":{"line":42,"column":23},"end":{"line":50,"column":3}},"16":{"start":{"line":43,"column":4},"end":{"line":49,"column":6}},"17":{"start":{"line":44,"column":6},"end":{"line":44,"column":62}},"18":{"start":{"line":45,"column":6},"end":{"line":45,"column":26}},"19":{"start":{"line":46,"column":6},"end":{"line":46,"column":19}},"20":{"start":{"line":48,"column":6},"end":{"line":48,"column":60}},"21":{"start":{"line":52,"column":26},"end":{"line":57,"column":3}},"22":{"start":{"line":53,"column":4},"end":{"line":56,"column":6}},"23":{"start":{"line":54,"column":6},"end":{"line":54,"column":114}},"24":{"start":{"line":55,"column":6},"end":{"line":55,"column":19}},"25":{"start":{"line":60,"column":2},"end":{"line":128,"column":3}},"26":{"start":{"line":64,"column":28},"end":{"line":64,"column":45}},"27":{"start":{"line":66,"column":46},"end":{"line":66,"column":64}},"28":{"start":{"line":67,"column":61},"end":{"line":67,"column":79}},"29":{"start":{"line":68,"column":61},"end":{"line":68,"column":87}}},"fnMap":{"0":{"name":"(anonymous_0)","decl":{"start":{"line":19,"column":20},"end":{"line":19,"column":21}},"loc":{"start":{"line":19,"column":50},"end":{"line":129,"column":1}},"line":19},"1":{"name":"(anonymous_1)","decl":{"start":{"line":29,"column":21},"end":{"line":29,"column":22}},"loc":{"start":{"line":29,"column":27},"end":{"line":31,"column":3}},"line":29},"2":{"name":"(anonymous_2)","decl":{"start":{"line":33,"column":29},"end":{"line":33,"column":30}},"loc":{"start":{"line":33,"column":35},"end":{"line":35,"column":3}},"line":33},"3":{"name":"(anonymous_3)","decl":{"start":{"line":37,"column":30},"end":{"line":37,"column":31}},"loc":{"start":{"line":37,"column":36},"end":{"line":40,"column":3}},"line":37},"4":{"name":"(anonymous_4)","decl":{"start":{"line":42,"column":23},"end":{"line":42,"column":24}},"loc":{"start":{"line":42,"column":29},"end":{"line":50,"column":3}},"line":42},"5":{"name":"(anonymous_5)","decl":{"start":{"line":43,"column":45},"end":{"line":43,"column":46}},"loc":{"start":{"line":43,"column":54},"end":{"line":47,"column":5}},"line":43},"6":{"name":"(anonymous_6)","decl":{"start":{"line":47,"column":13},"end":{"line":47,"column":14}},"loc":{"start":{"line":47,"column":22},"end":{"line":49,"column":5}},"line":47},"7":{"name":"(anonymous_7)","decl":{"start":{"line":52,"column":26},"end":{"line":52,"column":27}},"loc":{"start":{"line":52,"column":32},"end":{"line":57,"column":3}},"line":52},"8":{"name":"(anonymous_8)","decl":{"start":{"line":53,"column":48},"end":{"line":53,"column":49}},"loc":{"start":{"line":53,"column":57},"end":{"line":56,"column":5}},"line":53},"9":{"name":"(anonymous_9)","decl":{"start":{"line":64,"column":22},"end":{"line":64,"column":23}},"loc":{"start":{"line":64,"column":28},"end":{"line":64,"column":45}},"line":64},"10":{"name":"(anonymous_10)","decl":{"start":{"line":66,"column":40},"end":{"line":66,"column":41}},"loc":{"start":{"line":66,"column":46},"end":{"line":66,"column":64}},"line":66},"11":{"name":"(anonymous_11)","decl":{"start":{"line":67,"column":55},"end":{"line":67,"column":56}},"loc":{"start":{"line":67,"column":61},"end":{"line":67,"column":79}},"line":67},"12":{"name":"(anonymous_12)","decl":{"start":{"line":68,"column":55},"end":{"line":68,"column":56}},"loc":{"start":{"line":68,"column":61},"end":{"line":68,"column":87}},"line":68}},"branchMap":{"0":{"loc":{"start":{"line":54,"column":15},"end":{"line":54,"column":85}},"type":"cond-expr","locations":[{"start":{"line":54,"column":37},"end":{"line":54,"column":62}},{"start":{"line":54,"column":65},"end":{"line":54,"column":85}}],"line":54},"1":{"loc":{"start":{"line":65,"column":130},"end":{"line":65,"column":181}},"type":"cond-expr","locations":[{"start":{"line":65,"column":152},"end":{"line":65,"column":166}},{"start":{"line":65,"column":169},"end":{"line":65,"column":181}}],"line":65},"2":{"loc":{"start":{"line":66,"column":9},"end":{"line":70,"column":14}},"type":"binary-expr","locations":[{"start":{"line":66,"column":9},"end":{"line":66,"column":17}},{"start":{"line":66,"column":21},"end":{"line":70,"column":14}}],"line":66},"3":{"loc":{"start":{"line":74,"column":61},"end":{"line":74,"column":115}},"type":"cond-expr","locations":[{"start":{"line":74,"column":77},"end":{"line":74,"column":106}},{"start":{"line":74,"column":109},"end":{"line":74,"column":115}}],"line":74}},"s":{"0":1,"1":1,"2":1,"3":0,"4":0,"5":0,"6":0,"7":0,"8":0,"9":0,"10":0,"11":0,"12":0,"13":0,"14":0,"15":0,"16":0,"17":0,"18":0,"19":0,"20":0,"21":0,"22":0,"23":0,"24":0,"25":0,"26":0,"27":0,"28":0,"29":0},"f":{"0":0,"1":0,"2":0,"3":0,"4":0,"5":0,"6":0,"7":0,"8":0,"9":0,"10":0,"11":0,"12":0},"b":{"0":[0,0],"1":[0,0],"2":[0,0],"3":[0,0]},"_coverageSchema":"1a1c01bbd47fc00a2c39e90264f33305004495a9","hash":"dbbc35583cdab402c843c3d0c11277f5bdeff1f5"}
,"/home/sushmit/Desktop/Leapfrog/vaccine_management/src/components/VaccineForm.js": {"path":"/home/sushmit/Desktop/Leapfrog/vaccine_management/src/components/VaccineForm.js","statementMap":{"0":{"start":{"line":13,"column":16},"end":{"line":13,"column":43}},"1":{"start":{"line":14,"column":17},"end":{"line":14,"column":60}},"2":{"start":{"line":16,"column":20},"end":{"line":249,"column":1}},"3":{"start":{"line":17,"column":18},"end":{"line":17,"column":41}},"4":{"start":{"line":19,"column":42},"end":{"line":19,"column":82}},"5":{"start":{"line":21,"column":19},"end":{"line":28,"column":3}},"6":{"start":{"line":30,"column":2},"end":{"line":32,"column":8}},"7":{"start":{"line":31,"column":4},"end":{"line":31,"column":47}},"8":{"start":{"line":35,"column":23},"end":{"line":35,"column":34}},"9":{"start":{"line":38,"column":28},"end":{"line":47,"column":3}},"10":{"start":{"line":39,"column":19},"end":{"line":39,"column":41}},"11":{"start":{"line":40,"column":15},"end":{"line":40,"column":32}},"12":{"start":{"line":41,"column":4},"end":{"line":46,"column":5}},"13":{"start":{"line":42,"column":6},"end":{"line":42,"column":34}},"14":{"start":{"line":43,"column":6},"end":{"line":43,"column":61}},"15":{"start":{"line":45,"column":6},"end":{"line":45,"column":59}},"16":{"start":{"line":49,"column":24},"end":{"line":56,"column":4}},"17":{"start":{"line":59,"column":27},"end":{"line":85,"column":3}},"18":{"start":{"line":61,"column":17},"end":{"line":61,"column":31}},"19":{"start":{"line":62,"column":4},"end":{"line":62,"column":38}},"20":{"start":{"line":63,"column":4},"end":{"line":63,"column":36}},"21":{"start":{"line":64,"column":4},"end":{"line":64,"column":54}},"22":{"start":{"line":65,"column":4},"end":{"line":65,"column":58}},"23":{"start":{"line":66,"column":4},"end":{"line":66,"column":56}},"24":{"start":{"line":67,"column":4},"end":{"line":67,"column":39}},"25":{"start":{"line":70,"column":4},"end":{"line":82,"column":8}},"26":{"start":{"line":72,"column":8},"end":{"line":72,"column":29}},"27":{"start":{"line":73,"column":8},"end":{"line":73,"column":62}},"28":{"start":{"line":75,"column":8},"end":{"line":75,"column":52}},"29":{"start":{"line":78,"column":8},"end":{"line":78,"column":29}},"30":{"start":{"line":79,"column":8},"end":{"line":79,"column":64}},"31":{"start":{"line":81,"column":8},"end":{"line":81,"column":52}},"32":{"start":{"line":88,"column":2},"end":{"line":248,"column":3}},"33":{"start":{"line":95,"column":8},"end":{"line":95,"column":32}},"34":{"start":{"line":99,"column":75},"end":{"line":99,"column":81}},"35":{"start":{"line":100,"column":8},"end":{"line":196,"column":10}},"36":{"start":{"line":107,"column":203},"end":{"line":107,"column":238}}},"fnMap":{"0":{"name":"(anonymous_0)","decl":{"start":{"line":16,"column":20},"end":{"line":16,"column":21}},"loc":{"start":{"line":16,"column":66},"end":{"line":249,"column":1}},"line":16},"1":{"name":"(anonymous_1)","decl":{"start":{"line":30,"column":12},"end":{"line":30,"column":13}},"loc":{"start":{"line":30,"column":18},"end":{"line":32,"column":3}},"line":30},"2":{"name":"(anonymous_2)","decl":{"start":{"line":38,"column":28},"end":{"line":38,"column":29}},"loc":{"start":{"line":38,"column":50},"end":{"line":47,"column":3}},"line":38},"3":{"name":"(anonymous_3)","decl":{"start":{"line":59,"column":27},"end":{"line":59,"column":28}},"loc":{"start":{"line":59,"column":39},"end":{"line":85,"column":3}},"line":59},"4":{"name":"(anonymous_4)","decl":{"start":{"line":71,"column":37},"end":{"line":71,"column":38}},"loc":{"start":{"line":71,"column":46},"end":{"line":74,"column":7}},"line":71},"5":{"name":"(anonymous_5)","decl":{"start":{"line":74,"column":15},"end":{"line":74,"column":16}},"loc":{"start":{"line":74,"column":24},"end":{"line":76,"column":7}},"line":74},"6":{"name":"(anonymous_6)","decl":{"start":{"line":77,"column":53},"end":{"line":77,"column":54}},"loc":{"start":{"line":77,"column":62},"end":{"line":80,"column":7}},"line":77},"7":{"name":"(anonymous_7)","decl":{"start":{"line":80,"column":15},"end":{"line":80,"column":16}},"loc":{"start":{"line":80,"column":24},"end":{"line":82,"column":7}},"line":80},"8":{"name":"(anonymous_8)","decl":{"start":{"line":94,"column":16},"end":{"line":94,"column":17}},"loc":{"start":{"line":94,"column":28},"end":{"line":96,"column":7}},"line":94},"9":{"name":"(anonymous_9)","decl":{"start":{"line":98,"column":7},"end":{"line":98,"column":8}},"loc":{"start":{"line":98,"column":19},"end":{"line":197,"column":7}},"line":98},"10":{"name":"(anonymous_10)","decl":{"start":{"line":107,"column":196},"end":{"line":107,"column":197}},"loc":{"start":{"line":107,"column":203},"end":{"line":107,"column":238}},"line":107}},"branchMap":{"0":{"loc":{"start":{"line":31,"column":4},"end":{"line":31,"column":47}},"type":"binary-expr","locations":[{"start":{"line":31,"column":4},"end":{"line":31,"column":20}},{"start":{"line":31,"column":24},"end":{"line":31,"column":47}}],"line":31},"1":{"loc":{"start":{"line":41,"column":4},"end":{"line":46,"column":5}},"type":"if","locations":[{"start":{"line":41,"column":4},"end":{"line":46,"column":5}},{"start":{"line":44,"column":11},"end":{"line":46,"column":5}}],"line":41},"2":{"loc":{"start":{"line":70,"column":4},"end":{"line":82,"column":8}},"type":"cond-expr","locations":[{"start":{"line":71,"column":6},"end":{"line":76,"column":8}},{"start":{"line":77,"column":6},"end":{"line":82,"column":8}}],"line":70},"3":{"loc":{"start":{"line":109,"column":248},"end":{"line":109,"column":295}},"type":"cond-expr","locations":[{"start":{"line":109,"column":267},"end":{"line":109,"column":278}},{"start":{"line":109,"column":281},"end":{"line":109,"column":295}}],"line":109},"4":{"loc":{"start":{"line":119,"column":24},"end":{"line":119,"column":74}},"type":"cond-expr","locations":[{"start":{"line":119,"column":54},"end":{"line":119,"column":67}},{"start":{"line":119,"column":70},"end":{"line":119,"column":74}}],"line":119},"5":{"loc":{"start":{"line":119,"column":24},"end":{"line":119,"column":51}},"type":"binary-expr","locations":[{"start":{"line":119,"column":24},"end":{"line":119,"column":35}},{"start":{"line":119,"column":39},"end":{"line":119,"column":51}}],"line":119},"6":{"loc":{"start":{"line":132,"column":26},"end":{"line":132,"column":94}},"type":"cond-expr","locations":[{"start":{"line":132,"column":74},"end":{"line":132,"column":87}},{"start":{"line":132,"column":90},"end":{"line":132,"column":94}}],"line":132},"7":{"loc":{"start":{"line":132,"column":26},"end":{"line":132,"column":71}},"type":"binary-expr","locations":[{"start":{"line":132,"column":26},"end":{"line":132,"column":46}},{"start":{"line":132,"column":50},"end":{"line":132,"column":71}}],"line":132},"8":{"loc":{"start":{"line":148,"column":24},"end":{"line":148,"column":96}},"type":"cond-expr","locations":[{"start":{"line":148,"column":76},"end":{"line":148,"column":89}},{"start":{"line":148,"column":92},"end":{"line":148,"column":96}}],"line":148},"9":{"loc":{"start":{"line":148,"column":24},"end":{"line":148,"column":73}},"type":"binary-expr","locations":[{"start":{"line":148,"column":24},"end":{"line":148,"column":46}},{"start":{"line":148,"column":50},"end":{"line":148,"column":73}}],"line":148},"10":{"loc":{"start":{"line":160,"column":24},"end":{"line":160,"column":94}},"type":"cond-expr","locations":[{"start":{"line":160,"column":74},"end":{"line":160,"column":87}},{"start":{"line":160,"column":90},"end":{"line":160,"column":94}}],"line":160},"11":{"loc":{"start":{"line":160,"column":24},"end":{"line":160,"column":71}},"type":"binary-expr","locations":[{"start":{"line":160,"column":24},"end":{"line":160,"column":45}},{"start":{"line":160,"column":49},"end":{"line":160,"column":71}}],"line":160},"12":{"loc":{"start":{"line":188,"column":29},"end":{"line":188,"column":70}},"type":"cond-expr","locations":[{"start":{"line":188,"column":51},"end":{"line":188,"column":65}},{"start":{"line":188,"column":68},"end":{"line":188,"column":70}}],"line":188},"13":{"loc":{"start":{"line":188,"column":31},"end":{"line":188,"column":47}},"type":"binary-expr","locations":[{"start":{"line":188,"column":31},"end":{"line":188,"column":36}},{"start":{"line":188,"column":40},"end":{"line":188,"column":47}}],"line":188},"14":{"loc":{"start":{"line":189,"column":30},"end":{"line":189,"column":46}},"type":"binary-expr","locations":[{"start":{"line":189,"column":30},"end":{"line":189,"column":35}},{"start":{"line":189,"column":39},"end":{"line":189,"column":46}}],"line":189}},"s":{"0":1,"1":1,"2":1,"3":0,"4":0,"5":0,"6":0,"7":0,"8":0,"9":0,"10":0,"11":0,"12":0,"13":0,"14":0,"15":0,"16":0,"17":0,"18":0,"19":0,"20":0,"21":0,"22":0,"23":0,"24":0,"25":0,"26":0,"27":0,"28":0,"29":0,"30":0,"31":0,"32":0,"33":0,"34":0,"35":0,"36":0},"f":{"0":0,"1":0,"2":0,"3":0,"4":0,"5":0,"6":0,"7":0,"8":0,"9":0,"10":0},"b":{"0":[0,0],"1":[0,0],"2":[0,0],"3":[0,0],"4":[0,0],"5":[0,0],"6":[0,0],"7":[0,0],"8":[0,0],"9":[0,0],"10":[0,0],"11":[0,0],"12":[0,0],"13":[0,0],"14":[0,0]},"_coverageSchema":"1a1c01bbd47fc00a2c39e90264f33305004495a9","hash":"5cb6f4d434d48ce068f8e717bb2f347929b181d6"}
,"/home/sushmit/Desktop/Leapfrog/vaccine_management/src/pages/HomePage.js": {"path":"/home/sushmit/Desktop/Leapfrog/vaccine_management/src/pages/HomePage.js","statementMap":{"0":{"start":{"line":7,"column":17},"end":{"line":7,"column":60}},"1":{"start":{"line":9,"column":17},"end":{"line":56,"column":1}},"2":{"start":{"line":10,"column":34},"end":{"line":10,"column":46}},"3":{"start":{"line":11,"column":48},"end":{"line":11,"column":62}},"4":{"start":{"line":13,"column":15},"end":{"line":13,"column":55}},"5":{"start":{"line":15,"column":2},"end":{"line":17,"column":8}},"6":{"start":{"line":16,"column":4},"end":{"line":16,"column":17}},"7":{"start":{"line":19,"column":22},"end":{"line":24,"column":3}},"8":{"start":{"line":20,"column":4},"end":{"line":23,"column":6}},"9":{"start":{"line":21,"column":6},"end":{"line":21,"column":22}},"10":{"start":{"line":22,"column":6},"end":{"line":22,"column":31}},"11":{"start":{"line":28,"column":2},"end":{"line":55,"column":3}},"12":{"start":{"line":46,"column":14},"end":{"line":48,"column":15}}},"fnMap":{"0":{"name":"(anonymous_0)","decl":{"start":{"line":9,"column":17},"end":{"line":9,"column":18}},"loc":{"start":{"line":9,"column":23},"end":{"line":56,"column":1}},"line":9},"1":{"name":"(anonymous_1)","decl":{"start":{"line":15,"column":12},"end":{"line":15,"column":13}},"loc":{"start":{"line":15,"column":18},"end":{"line":17,"column":3}},"line":15},"2":{"name":"(anonymous_2)","decl":{"start":{"line":19,"column":22},"end":{"line":19,"column":23}},"loc":{"start":{"line":19,"column":28},"end":{"line":24,"column":3}},"line":19},"3":{"name":"(anonymous_3)","decl":{"start":{"line":20,"column":32},"end":{"line":20,"column":33}},"loc":{"start":{"line":20,"column":41},"end":{"line":23,"column":5}},"line":20},"4":{"name":"(anonymous_4)","decl":{"start":{"line":45,"column":25},"end":{"line":45,"column":26}},"loc":{"start":{"line":45,"column":38},"end":{"line":49,"column":13}},"line":45}},"branchMap":{"0":{"loc":{"start":{"line":35,"column":11},"end":{"line":49,"column":14}},"type":"cond-expr","locations":[{"start":{"line":36,"column":12},"end":{"line":43,"column":23}},{"start":{"line":45,"column":12},"end":{"line":49,"column":14}}],"line":35}},"s":{"0":1,"1":1,"2":2,"3":1,"4":1,"5":1,"6":1,"7":1,"8":1,"9":0,"10":0,"11":1,"12":0},"f":{"0":2,"1":1,"2":1,"3":0,"4":0},"b":{"0":[1,0]},"_coverageSchema":"1a1c01bbd47fc00a2c39e90264f33305004495a9","hash":"0952bb5fabd3d6937a7b3b088161df6f4fe7d7cd"}
,"/home/sushmit/Desktop/Leapfrog/vaccine_management/src/pages/LoginPage.js": {"path":"/home/sushmit/Desktop/Leapfrog/vaccine_management/src/pages/LoginPage.js","statementMap":{"0":{"start":{"line":9,"column":17},"end":{"line":9,"column":60}},"1":{"start":{"line":13,"column":18},"end":{"line":122,"column":1}},"2":{"start":{"line":16,"column":24},"end":{"line":19,"column":3}},"3":{"start":{"line":21,"column":23},"end":{"line":21,"column":34}},"4":{"start":{"line":23,"column":17},"end":{"line":23,"column":30}},"5":{"start":{"line":25,"column":2},"end":{"line":32,"column":8}},"6":{"start":{"line":26,"column":16},"end":{"line":26,"column":45}},"7":{"start":{"line":28,"column":4},"end":{"line":30,"column":5}},"8":{"start":{"line":29,"column":6},"end":{"line":29,"column":22}},"9":{"start":{"line":35,"column":23},"end":{"line":40,"column":4}},"10":{"start":{"line":42,"column":23},"end":{"line":52,"column":3}},"11":{"start":{"line":43,"column":4},"end":{"line":51,"column":8}},"12":{"start":{"line":44,"column":6},"end":{"line":44,"column":64}},"13":{"start":{"line":45,"column":6},"end":{"line":45,"column":52}},"14":{"start":{"line":46,"column":6},"end":{"line":46,"column":65}},"15":{"start":{"line":47,"column":6},"end":{"line":47,"column":22}},"16":{"start":{"line":50,"column":8},"end":{"line":50,"column":72}},"17":{"start":{"line":54,"column":2},"end":{"line":121,"column":3}},"18":{"start":{"line":61,"column":8},"end":{"line":61,"column":28}},"19":{"start":{"line":65,"column":52},"end":{"line":65,"column":58}},"20":{"start":{"line":66,"column":8},"end":{"line":109,"column":10}}},"fnMap":{"0":{"name":"(anonymous_0)","decl":{"start":{"line":13,"column":18},"end":{"line":13,"column":19}},"loc":{"start":{"line":13,"column":24},"end":{"line":122,"column":1}},"line":13},"1":{"name":"(anonymous_1)","decl":{"start":{"line":25,"column":12},"end":{"line":25,"column":13}},"loc":{"start":{"line":25,"column":18},"end":{"line":32,"column":3}},"line":25},"2":{"name":"(anonymous_2)","decl":{"start":{"line":42,"column":23},"end":{"line":42,"column":24}},"loc":{"start":{"line":42,"column":41},"end":{"line":52,"column":3}},"line":42},"3":{"name":"(anonymous_3)","decl":{"start":{"line":43,"column":43},"end":{"line":43,"column":44}},"loc":{"start":{"line":43,"column":57},"end":{"line":48,"column":5}},"line":43},"4":{"name":"(anonymous_4)","decl":{"start":{"line":49,"column":13},"end":{"line":49,"column":14}},"loc":{"start":{"line":49,"column":22},"end":{"line":51,"column":7}},"line":49},"5":{"name":"(anonymous_5)","decl":{"start":{"line":60,"column":16},"end":{"line":60,"column":17}},"loc":{"start":{"line":60,"column":28},"end":{"line":62,"column":7}},"line":60},"6":{"name":"(anonymous_6)","decl":{"start":{"line":64,"column":7},"end":{"line":64,"column":8}},"loc":{"start":{"line":64,"column":19},"end":{"line":110,"column":7}},"line":64}},"branchMap":{"0":{"loc":{"start":{"line":28,"column":4},"end":{"line":30,"column":5}},"type":"if","locations":[{"start":{"line":28,"column":4},"end":{"line":30,"column":5}},{"start":{},"end":{}}],"line":28},"1":{"loc":{"start":{"line":77,"column":20},"end":{"line":77,"column":72}},"type":"cond-expr","locations":[{"start":{"line":77,"column":52},"end":{"line":77,"column":65}},{"start":{"line":77,"column":68},"end":{"line":77,"column":72}}],"line":77},"2":{"loc":{"start":{"line":77,"column":20},"end":{"line":77,"column":49}},"type":"binary-expr","locations":[{"start":{"line":77,"column":20},"end":{"line":77,"column":32}},{"start":{"line":77,"column":36},"end":{"line":77,"column":49}}],"line":77},"3":{"loc":{"start":{"line":90,"column":20},"end":{"line":90,"column":78}},"type":"cond-expr","locations":[{"start":{"line":90,"column":58},"end":{"line":90,"column":71}},{"start":{"line":90,"column":74},"end":{"line":90,"column":78}}],"line":90},"4":{"loc":{"start":{"line":90,"column":20},"end":{"line":90,"column":55}},"type":"binary-expr","locations":[{"start":{"line":90,"column":20},"end":{"line":90,"column":35}},{"start":{"line":90,"column":39},"end":{"line":90,"column":55}}],"line":90},"5":{"loc":{"start":{"line":102,"column":27},"end":{"line":102,"column":68}},"type":"cond-expr","locations":[{"start":{"line":102,"column":49},"end":{"line":102,"column":63}},{"start":{"line":102,"column":66},"end":{"line":102,"column":68}}],"line":102},"6":{"loc":{"start":{"line":102,"column":29},"end":{"line":102,"column":45}},"type":"binary-expr","locations":[{"start":{"line":102,"column":29},"end":{"line":102,"column":34}},{"start":{"line":102,"column":38},"end":{"line":102,"column":45}}],"line":102},"7":{"loc":{"start":{"line":103,"column":28},"end":{"line":103,"column":44}},"type":"binary-expr","locations":[{"start":{"line":103,"column":28},"end":{"line":103,"column":33}},{"start":{"line":103,"column":37},"end":{"line":103,"column":44}}],"line":103}},"s":{"0":1,"1":1,"2":2,"3":2,"4":1,"5":1,"6":1,"7":1,"8":0,"9":1,"10":1,"11":0,"12":0,"13":0,"14":0,"15":0,"16":0,"17":1,"18":0,"19":1,"20":1},"f":{"0":2,"1":1,"2":0,"3":0,"4":0,"5":0,"6":1},"b":{"0":[0,1],"1":[0,1],"2":[1,0],"3":[0,1],"4":[1,0],"5":[1,0],"6":[1,0],"7":[1,0]},"_coverageSchema":"1a1c01bbd47fc00a2c39e90264f33305004495a9","hash":"fffbdcd6ddb71e4b0b3244fbce842fc0475419a2"}
,"/home/sushmit/Desktop/Leapfrog/vaccine_management/src/pages/RegisterPage.js": {"path":"/home/sushmit/Desktop/Leapfrog/vaccine_management/src/pages/RegisterPage.js","statementMap":{"0":{"start":{"line":12,"column":17},"end":{"line":12,"column":60}},"1":{"start":{"line":14,"column":21},"end":{"line":157,"column":1}},"2":{"start":{"line":16,"column":42},"end":{"line":19,"column":4}},"3":{"start":{"line":21,"column":23},"end":{"line":21,"column":34}},"4":{"start":{"line":22,"column":17},"end":{"line":22,"column":30}},"5":{"start":{"line":24,"column":24},"end":{"line":28,"column":3}},"6":{"start":{"line":30,"column":25},"end":{"line":46,"column":4}},"7":{"start":{"line":40,"column":18},"end":{"line":40,"column":54}},"8":{"start":{"line":48,"column":2},"end":{"line":55,"column":8}},"9":{"start":{"line":49,"column":16},"end":{"line":49,"column":45}},"10":{"start":{"line":51,"column":4},"end":{"line":53,"column":5}},"11":{"start":{"line":52,"column":6},"end":{"line":52,"column":22}},"12":{"start":{"line":58,"column":23},"end":{"line":70,"column":3}},"13":{"start":{"line":59,"column":20},"end":{"line":62,"column":5}},"14":{"start":{"line":63,"column":4},"end":{"line":69,"column":8}},"15":{"start":{"line":64,"column":6},"end":{"line":64,"column":67}},"16":{"start":{"line":65,"column":6},"end":{"line":65,"column":19}},"17":{"start":{"line":68,"column":8},"end":{"line":68,"column":66}},"18":{"start":{"line":72,"column":2},"end":{"line":156,"column":3}},"19":{"start":{"line":79,"column":12},"end":{"line":79,"column":32}},"20":{"start":{"line":83,"column":52},"end":{"line":83,"column":58}},"21":{"start":{"line":84,"column":8},"end":{"line":143,"column":10}}},"fnMap":{"0":{"name":"(anonymous_0)","decl":{"start":{"line":14,"column":21},"end":{"line":14,"column":22}},"loc":{"start":{"line":14,"column":27},"end":{"line":157,"column":1}},"line":14},"1":{"name":"(anonymous_1)","decl":{"start":{"line":40,"column":10},"end":{"line":40,"column":11}},"loc":{"start":{"line":40,"column":18},"end":{"line":40,"column":54}},"line":40},"2":{"name":"(anonymous_2)","decl":{"start":{"line":48,"column":12},"end":{"line":48,"column":13}},"loc":{"start":{"line":48,"column":18},"end":{"line":55,"column":3}},"line":48},"3":{"name":"(anonymous_3)","decl":{"start":{"line":58,"column":23},"end":{"line":58,"column":24}},"loc":{"start":{"line":58,"column":41},"end":{"line":70,"column":3}},"line":58},"4":{"name":"(anonymous_4)","decl":{"start":{"line":63,"column":44},"end":{"line":63,"column":45}},"loc":{"start":{"line":63,"column":58},"end":{"line":66,"column":5}},"line":63},"5":{"name":"(anonymous_5)","decl":{"start":{"line":67,"column":13},"end":{"line":67,"column":14}},"loc":{"start":{"line":67,"column":24},"end":{"line":69,"column":7}},"line":67},"6":{"name":"(anonymous_6)","decl":{"start":{"line":78,"column":20},"end":{"line":78,"column":21}},"loc":{"start":{"line":78,"column":32},"end":{"line":80,"column":11}},"line":78},"7":{"name":"(anonymous_7)","decl":{"start":{"line":82,"column":7},"end":{"line":82,"column":8}},"loc":{"start":{"line":82,"column":19},"end":{"line":144,"column":7}},"line":82}},"branchMap":{"0":{"loc":{"start":{"line":40,"column":18},"end":{"line":40,"column":54}},"type":"cond-expr","locations":[{"start":{"line":40,"column":42},"end":{"line":40,"column":46}},{"start":{"line":40,"column":49},"end":{"line":40,"column":54}}],"line":40},"1":{"loc":{"start":{"line":40,"column":18},"end":{"line":40,"column":39}},"type":"binary-expr","locations":[{"start":{"line":40,"column":18},"end":{"line":40,"column":21}},{"start":{"line":40,"column":25},"end":{"line":40,"column":39}}],"line":40},"2":{"loc":{"start":{"line":51,"column":4},"end":{"line":53,"column":5}},"type":"if","locations":[{"start":{"line":51,"column":4},"end":{"line":53,"column":5}},{"start":{},"end":{}}],"line":51},"3":{"loc":{"start":{"line":95,"column":20},"end":{"line":95,"column":72}},"type":"cond-expr","locations":[{"start":{"line":95,"column":52},"end":{"line":95,"column":65}},{"start":{"line":95,"column":68},"end":{"line":95,"column":72}}],"line":95},"4":{"loc":{"start":{"line":95,"column":20},"end":{"line":95,"column":49}},"type":"binary-expr","locations":[{"start":{"line":95,"column":20},"end":{"line":95,"column":32}},{"start":{"line":95,"column":36},"end":{"line":95,"column":49}}],"line":95},"5":{"loc":{"start":{"line":108,"column":20},"end":{"line":108,"column":78}},"type":"cond-expr","locations":[{"start":{"line":108,"column":58},"end":{"line":108,"column":71}},{"start":{"line":108,"column":74},"end":{"line":108,"column":78}}],"line":108},"6":{"loc":{"start":{"line":108,"column":20},"end":{"line":108,"column":55}},"type":"binary-expr","locations":[{"start":{"line":108,"column":20},"end":{"line":108,"column":35}},{"start":{"line":108,"column":39},"end":{"line":108,"column":55}}],"line":108},"7":{"loc":{"start":{"line":124,"column":20},"end":{"line":124,"column":78}},"type":"cond-expr","locations":[{"start":{"line":124,"column":58},"end":{"line":124,"column":71}},{"start":{"line":124,"column":74},"end":{"line":124,"column":78}}],"line":124},"8":{"loc":{"start":{"line":124,"column":20},"end":{"line":124,"column":55}},"type":"binary-expr","locations":[{"start":{"line":124,"column":20},"end":{"line":124,"column":35}},{"start":{"line":124,"column":39},"end":{"line":124,"column":55}}],"line":124},"9":{"loc":{"start":{"line":136,"column":27},"end":{"line":136,"column":68}},"type":"cond-expr","locations":[{"start":{"line":136,"column":49},"end":{"line":136,"column":63}},{"start":{"line":136,"column":66},"end":{"line":136,"column":68}}],"line":136},"10":{"loc":{"start":{"line":136,"column":29},"end":{"line":136,"column":45}},"type":"binary-expr","locations":[{"start":{"line":136,"column":29},"end":{"line":136,"column":34}},{"start":{"line":136,"column":38},"end":{"line":136,"column":45}}],"line":136},"11":{"loc":{"start":{"line":137,"column":28},"end":{"line":137,"column":44}},"type":"binary-expr","locations":[{"start":{"line":137,"column":28},"end":{"line":137,"column":33}},{"start":{"line":137,"column":37},"end":{"line":137,"column":44}}],"line":137}},"s":{"0":1,"1":1,"2":2,"3":1,"4":1,"5":1,"6":1,"7":0,"8":1,"9":1,"10":1,"11":0,"12":1,"13":0,"14":0,"15":0,"16":0,"17":0,"18":1,"19":0,"20":1,"21":1},"f":{"0":2,"1":0,"2":1,"3":0,"4":0,"5":0,"6":0,"7":1},"b":{"0":[0,0],"1":[0,0],"2":[0,1],"3":[0,1],"4":[1,0],"5":[0,1],"6":[1,0],"7":[0,1],"8":[1,0],"9":[1,0],"10":[1,0],"11":[1,0]},"_coverageSchema":"1a1c01bbd47fc00a2c39e90264f33305004495a9","hash":"b52b316ffcdd98b8d0881da9b7f4ff2751be7ec5"}
,"/home/sushmit/Desktop/Leapfrog/vaccine_management/src/remoteServices/RemoteServices.js": {"path":"/home/sushmit/Desktop/Leapfrog/vaccine_management/src/remoteServices/RemoteServices.js","statementMap":{"0":{"start":{"line":1,"column":14},"end":{"line":1,"column":30}},"1":{"start":{"line":8,"column":15},"end":{"line":10,"column":1}},"2":{"start":{"line":12,"column":20},"end":{"line":27,"column":1}},"3":{"start":{"line":13,"column":14},"end":{"line":13,"column":43}},"4":{"start":{"line":14,"column":17},"end":{"line":14,"column":37}},"5":{"start":{"line":15,"column":16},"end":{"line":25,"column":4}},"6":{"start":{"line":16,"column":4},"end":{"line":24,"column":8}},"7":{"start":{"line":18,"column":19},"end":{"line":18,"column":27}},"8":{"start":{"line":19,"column":8},"end":{"line":19,"column":21}},"9":{"start":{"line":22,"column":27},"end":{"line":22,"column":54}},"10":{"start":{"line":23,"column":8},"end":{"line":23,"column":28}},"11":{"start":{"line":26,"column":2},"end":{"line":26,"column":16}},"12":{"start":{"line":29,"column":21},"end":{"line":44,"column":1}},"13":{"start":{"line":30,"column":14},"end":{"line":30,"column":43}},"14":{"start":{"line":31,"column":17},"end":{"line":31,"column":37}},"15":{"start":{"line":32,"column":16},"end":{"line":42,"column":4}},"16":{"start":{"line":33,"column":4},"end":{"line":41,"column":8}},"17":{"start":{"line":35,"column":19},"end":{"line":35,"column":27}},"18":{"start":{"line":36,"column":8},"end":{"line":36,"column":21}},"19":{"start":{"line":39,"column":27},"end":{"line":39,"column":54}},"20":{"start":{"line":40,"column":8},"end":{"line":40,"column":28}},"21":{"start":{"line":43,"column":2},"end":{"line":43,"column":16}},"22":{"start":{"line":46,"column":22},"end":{"line":61,"column":1}},"23":{"start":{"line":47,"column":14},"end":{"line":47,"column":43}},"24":{"start":{"line":48,"column":17},"end":{"line":48,"column":37}},"25":{"start":{"line":49,"column":16},"end":{"line":59,"column":4}},"26":{"start":{"line":50,"column":4},"end":{"line":58,"column":8}},"27":{"start":{"line":52,"column":19},"end":{"line":52,"column":27}},"28":{"start":{"line":53,"column":8},"end":{"line":53,"column":21}},"29":{"start":{"line":56,"column":27},"end":{"line":56,"column":54}},"30":{"start":{"line":57,"column":8},"end":{"line":57,"column":28}},"31":{"start":{"line":60,"column":2},"end":{"line":60,"column":16}},"32":{"start":{"line":63,"column":23},"end":{"line":78,"column":1}},"33":{"start":{"line":64,"column":14},"end":{"line":64,"column":43}},"34":{"start":{"line":65,"column":17},"end":{"line":65,"column":37}},"35":{"start":{"line":66,"column":16},"end":{"line":76,"column":4}},"36":{"start":{"line":67,"column":4},"end":{"line":75,"column":8}},"37":{"start":{"line":69,"column":19},"end":{"line":69,"column":27}},"38":{"start":{"line":70,"column":8},"end":{"line":70,"column":21}},"39":{"start":{"line":73,"column":27},"end":{"line":73,"column":54}},"40":{"start":{"line":74,"column":8},"end":{"line":74,"column":28}},"41":{"start":{"line":77,"column":2},"end":{"line":77,"column":16}},"42":{"start":{"line":83,"column":21},"end":{"line":112,"column":1}},"43":{"start":{"line":85,"column":16},"end":{"line":85,"column":25}},"44":{"start":{"line":86,"column":4},"end":{"line":86,"column":34}},"45":{"start":{"line":89,"column":16},"end":{"line":89,"column":31}},"46":{"start":{"line":90,"column":4},"end":{"line":90,"column":34}},"47":{"start":{"line":93,"column":16},"end":{"line":93,"column":27}},"48":{"start":{"line":94,"column":4},"end":{"line":94,"column":27}},"49":{"start":{"line":97,"column":16},"end":{"line":97,"column":27}},"50":{"start":{"line":98,"column":4},"end":{"line":98,"column":34}},"51":{"start":{"line":101,"column":16},"end":{"line":101,"column":33}},"52":{"start":{"line":102,"column":4},"end":{"line":102,"column":30}},"53":{"start":{"line":105,"column":16},"end":{"line":105,"column":33}},"54":{"start":{"line":106,"column":4},"end":{"line":106,"column":35}},"55":{"start":{"line":109,"column":16},"end":{"line":109,"column":41}},"56":{"start":{"line":110,"column":4},"end":{"line":110,"column":27}},"57":{"start":{"line":114,"column":0},"end":{"line":114,"column":31}}},"fnMap":{"0":{"name":"(anonymous_0)","decl":{"start":{"line":12,"column":20},"end":{"line":12,"column":21}},"loc":{"start":{"line":12,"column":29},"end":{"line":27,"column":1}},"line":12},"1":{"name":"(anonymous_1)","decl":{"start":{"line":15,"column":28},"end":{"line":15,"column":29}},"loc":{"start":{"line":15,"column":49},"end":{"line":25,"column":3}},"line":15},"2":{"name":"(anonymous_2)","decl":{"start":{"line":17,"column":12},"end":{"line":17,"column":13}},"loc":{"start":{"line":17,"column":19},"end":{"line":20,"column":7}},"line":17},"3":{"name":"(anonymous_3)","decl":{"start":{"line":21,"column":13},"end":{"line":21,"column":14}},"loc":{"start":{"line":21,"column":22},"end":{"line":24,"column":7}},"line":21},"4":{"name":"(anonymous_4)","decl":{"start":{"line":29,"column":21},"end":{"line":29,"column":22}},"loc":{"start":{"line":29,"column":36},"end":{"line":44,"column":1}},"line":29},"5":{"name":"(anonymous_5)","decl":{"start":{"line":32,"column":28},"end":{"line":32,"column":29}},"loc":{"start":{"line":32,"column":49},"end":{"line":42,"column":3}},"line":32},"6":{"name":"(anonymous_6)","decl":{"start":{"line":34,"column":12},"end":{"line":34,"column":13}},"loc":{"start":{"line":34,"column":19},"end":{"line":37,"column":7}},"line":34},"7":{"name":"(anonymous_7)","decl":{"start":{"line":38,"column":13},"end":{"line":38,"column":14}},"loc":{"start":{"line":38,"column":22},"end":{"line":41,"column":7}},"line":38},"8":{"name":"(anonymous_8)","decl":{"start":{"line":46,"column":22},"end":{"line":46,"column":23}},"loc":{"start":{"line":46,"column":37},"end":{"line":61,"column":1}},"line":46},"9":{"name":"(anonymous_9)","decl":{"start":{"line":49,"column":28},"end":{"line":49,"column":29}},"loc":{"start":{"line":49,"column":49},"end":{"line":59,"column":3}},"line":49},"10":{"name":"(anonymous_10)","decl":{"start":{"line":51,"column":12},"end":{"line":51,"column":13}},"loc":{"start":{"line":51,"column":19},"end":{"line":54,"column":7}},"line":51},"11":{"name":"(anonymous_11)","decl":{"start":{"line":55,"column":13},"end":{"line":55,"column":14}},"loc":{"start":{"line":55,"column":22},"end":{"line":58,"column":7}},"line":55},"12":{"name":"(anonymous_12)","decl":{"start":{"line":63,"column":23},"end":{"line":63,"column":24}},"loc":{"start":{"line":63,"column":32},"end":{"line":78,"column":1}},"line":63},"13":{"name":"(anonymous_13)","decl":{"start":{"line":66,"column":28},"end":{"line":66,"column":29}},"loc":{"start":{"line":66,"column":49},"end":{"line":76,"column":3}},"line":66},"14":{"name":"(anonymous_14)","decl":{"start":{"line":68,"column":12},"end":{"line":68,"column":13}},"loc":{"start":{"line":68,"column":19},"end":{"line":71,"column":7}},"line":68},"15":{"name":"(anonymous_15)","decl":{"start":{"line":72,"column":13},"end":{"line":72,"column":14}},"loc":{"start":{"line":72,"column":22},"end":{"line":75,"column":7}},"line":72},"16":{"name":"(anonymous_16)","decl":{"start":{"line":84,"column":14},"end":{"line":84,"column":15}},"loc":{"start":{"line":84,"column":24},"end":{"line":87,"column":3}},"line":84},"17":{"name":"(anonymous_17)","decl":{"start":{"line":88,"column":14},"end":{"line":88,"column":15}},"loc":{"start":{"line":88,"column":24},"end":{"line":91,"column":3}},"line":88},"18":{"name":"(anonymous_18)","decl":{"start":{"line":92,"column":15},"end":{"line":92,"column":16}},"loc":{"start":{"line":92,"column":21},"end":{"line":95,"column":3}},"line":92},"19":{"name":"(anonymous_19)","decl":{"start":{"line":96,"column":14},"end":{"line":96,"column":15}},"loc":{"start":{"line":96,"column":24},"end":{"line":99,"column":3}},"line":96},"20":{"name":"(anonymous_20)","decl":{"start":{"line":100,"column":17},"end":{"line":100,"column":18}},"loc":{"start":{"line":100,"column":25},"end":{"line":103,"column":3}},"line":100},"21":{"name":"(anonymous_21)","decl":{"start":{"line":104,"column":17},"end":{"line":104,"column":18}},"loc":{"start":{"line":104,"column":31},"end":{"line":107,"column":3}},"line":104},"22":{"name":"(anonymous_22)","decl":{"start":{"line":108,"column":20},"end":{"line":108,"column":21}},"loc":{"start":{"line":108,"column":28},"end":{"line":111,"column":3}},"line":108}},"branchMap":{},"s":{"0":3,"1":3,"2":3,"3":1,"4":1,"5":1,"6":1,"7":0,"8":0,"9":0,"10":0,"11":1,"12":3,"13":0,"14":0,"15":0,"16":0,"17":0,"18":0,"19":0,"20":0,"21":0,"22":3,"23":0,"24":0,"25":0,"26":0,"27":0,"28":0,"29":0,"30":0,"31":0,"32":3,"33":0,"34":0,"35":0,"36":0,"37":0,"38":0,"39":0,"40":0,"41":0,"42":3,"43":0,"44":0,"45":0,"46":0,"47":1,"48":1,"49":0,"50":0,"51":0,"52":0,"53":0,"54":0,"55":0,"56":0,"57":3},"f":{"0":1,"1":1,"2":0,"3":0,"4":0,"5":0,"6":0,"7":0,"8":0,"9":0,"10":0,"11":0,"12":0,"13":0,"14":0,"15":0,"16":0,"17":0,"18":1,"19":0,"20":0,"21":0,"22":0},"b":{},"_coverageSchema":"1a1c01bbd47fc00a2c39e90264f33305004495a9","hash":"bd76edc58a878407cb77ee0a4c53a37556596c21"}
,"/home/sushmit/Desktop/Leapfrog/vaccine_management/src/utils/fileValidation.js": {"path":"/home/sushmit/Desktop/Leapfrog/vaccine_management/src/utils/fileValidation.js","statementMap":{"0":{"start":{"line":2,"column":16},"end":{"line":2,"column":20}},"1":{"start":{"line":3,"column":4},"end":{"line":10,"column":5}},"2":{"start":{"line":4,"column":6},"end":{"line":9,"column":8}},"3":{"start":{"line":5,"column":21},"end":{"line":5,"column":44}},"4":{"start":{"line":6,"column":8},"end":{"line":8,"column":9}},"5":{"start":{"line":7,"column":10},"end":{"line":7,"column":23}},"6":{"start":{"line":11,"column":4},"end":{"line":11,"column":16}},"7":{"start":{"line":15,"column":16},"end":{"line":15,"column":20}},"8":{"start":{"line":16,"column":4},"end":{"line":22,"column":5}},"9":{"start":{"line":17,"column":6},"end":{"line":21,"column":8}},"10":{"start":{"line":18,"column":8},"end":{"line":20,"column":9}},"11":{"start":{"line":19,"column":10},"end":{"line":19,"column":23}},"12":{"start":{"line":23,"column":4},"end":{"line":23,"column":16}}},"fnMap":{"0":{"name":"checkIfFilesAreTooBig","decl":{"start":{"line":1,"column":16},"end":{"line":1,"column":37}},"loc":{"start":{"line":1,"column":45},"end":{"line":12,"column":3}},"line":1},"1":{"name":"(anonymous_1)","decl":{"start":{"line":4,"column":16},"end":{"line":4,"column":17}},"loc":{"start":{"line":4,"column":24},"end":{"line":9,"column":7}},"line":4},"2":{"name":"checkIfFilesAreCorrectType","decl":{"start":{"line":14,"column":18},"end":{"line":14,"column":44}},"loc":{"start":{"line":14,"column":51},"end":{"line":24,"column":3}},"line":14},"3":{"name":"(anonymous_3)","decl":{"start":{"line":17,"column":16},"end":{"line":17,"column":17}},"loc":{"start":{"line":17,"column":24},"end":{"line":21,"column":7}},"line":17}},"branchMap":{"0":{"loc":{"start":{"line":3,"column":4},"end":{"line":10,"column":5}},"type":"if","locations":[{"start":{"line":3,"column":4},"end":{"line":10,"column":5}},{"start":{},"end":{}}],"line":3},"1":{"loc":{"start":{"line":6,"column":8},"end":{"line":8,"column":9}},"type":"if","locations":[{"start":{"line":6,"column":8},"end":{"line":8,"column":9}},{"start":{},"end":{}}],"line":6},"2":{"loc":{"start":{"line":16,"column":4},"end":{"line":22,"column":5}},"type":"if","locations":[{"start":{"line":16,"column":4},"end":{"line":22,"column":5}},{"start":{},"end":{}}],"line":16},"3":{"loc":{"start":{"line":18,"column":8},"end":{"line":20,"column":9}},"type":"if","locations":[{"start":{"line":18,"column":8},"end":{"line":20,"column":9}},{"start":{},"end":{}}],"line":18}},"s":{"0":0,"1":0,"2":0,"3":0,"4":0,"5":0,"6":0,"7":0,"8":0,"9":0,"10":0,"11":0,"12":0},"f":{"0":0,"1":0,"2":0,"3":0},"b":{"0":[0,0],"1":[0,0],"2":[0,0],"3":[0,0]},"_coverageSchema":"1a1c01bbd47fc00a2c39e90264f33305004495a9","hash":"fa344bae6b476aa0bec4d7eedd65b2f8d94b2db9"}
,"/home/sushmit/Desktop/Leapfrog/vaccine_management/src/utils/getExtension.js": {"path":"/home/sushmit/Desktop/Leapfrog/vaccine_management/src/utils/getExtension.js","statementMap":{"0":{"start":{"line":1,"column":21},"end":{"line":4,"column":3}},"1":{"start":{"line":2,"column":16},"end":{"line":2,"column":35}},"2":{"start":{"line":3,"column":4},"end":{"line":3,"column":35}},"3":{"start":{"line":6,"column":0},"end":{"line":6,"column":29}}},"fnMap":{"0":{"name":"(anonymous_0)","decl":{"start":{"line":1,"column":21},"end":{"line":1,"column":22}},"loc":{"start":{"line":1,"column":35},"end":{"line":4,"column":3}},"line":1}},"branchMap":{},"s":{"0":3,"1":7,"2":7,"3":3},"f":{"0":7},"b":{},"_coverageSchema":"1a1c01bbd47fc00a2c39e90264f33305004495a9","hash":"2c34d239ad021770dd2fcc84b8b60f132782f670"}
,"/home/sushmit/Desktop/Leapfrog/vaccine_management/src/utils/isAuthenticated.js": {"path":"/home/sushmit/Desktop/Leapfrog/vaccine_management/src/utils/isAuthenticated.js","statementMap":{"0":{"start":{"line":1,"column":24},"end":{"line":9,"column":3}},"1":{"start":{"line":2,"column":26},"end":{"line":2,"column":31}},"2":{"start":{"line":4,"column":18},"end":{"line":4,"column":47}},"3":{"start":{"line":5,"column":4},"end":{"line":7,"column":5}},"4":{"start":{"line":6,"column":6},"end":{"line":6,"column":28}},"5":{"start":{"line":8,"column":4},"end":{"line":8,"column":26}},"6":{"start":{"line":11,"column":0},"end":{"line":11,"column":32}}},"fnMap":{"0":{"name":"(anonymous_0)","decl":{"start":{"line":1,"column":24},"end":{"line":1,"column":25}},"loc":{"start":{"line":1,"column":30},"end":{"line":9,"column":3}},"line":1}},"branchMap":{"0":{"loc":{"start":{"line":5,"column":4},"end":{"line":7,"column":5}},"type":"if","locations":[{"start":{"line":5,"column":4},"end":{"line":7,"column":5}},{"start":{},"end":{}}],"line":5}},"s":{"0":1,"1":2,"2":2,"3":2,"4":1,"5":2,"6":1},"f":{"0":2},"b":{"0":[1,1]},"_coverageSchema":"1a1c01bbd47fc00a2c39e90264f33305004495a9","hash":"4b0e2bb6dc0ea84993f68595ccc4894054213f50"}
,"/home/sushmit/Desktop/Leapfrog/vaccine_management/src/utils/isImage.js": {"path":"/home/sushmit/Desktop/Leapfrog/vaccine_management/src/utils/isImage.js","statementMap":{"0":{"start":{"line":2,"column":21},"end":{"line":2,"column":46}},"1":{"start":{"line":4,"column":16},"end":{"line":16,"column":3}},"2":{"start":{"line":5,"column":14},"end":{"line":5,"column":36}},"3":{"start":{"line":6,"column":4},"end":{"line":14,"column":5}},"4":{"start":{"line":13,"column":8},"end":{"line":13,"column":20}},"5":{"start":{"line":15,"column":4},"end":{"line":15,"column":17}},"6":{"start":{"line":19,"column":0},"end":{"line":19,"column":24}}},"fnMap":{"0":{"name":"(anonymous_0)","decl":{"start":{"line":4,"column":16},"end":{"line":4,"column":17}},"loc":{"start":{"line":4,"column":30},"end":{"line":16,"column":3}},"line":4}},"branchMap":{"0":{"loc":{"start":{"line":6,"column":4},"end":{"line":14,"column":5}},"type":"switch","locations":[{"start":{"line":7,"column":6},"end":{"line":7,"column":17}},{"start":{"line":8,"column":6},"end":{"line":8,"column":17}},{"start":{"line":9,"column":6},"end":{"line":9,"column":17}},{"start":{"line":10,"column":6},"end":{"line":10,"column":17}},{"start":{"line":11,"column":6},"end":{"line":13,"column":20}}],"line":6}},"s":{"0":2,"1":2,"2":6,"3":6,"4":5,"5":1,"6":2},"f":{"0":6},"b":{"0":[1,2,3,4,5]},"_coverageSchema":"1a1c01bbd47fc00a2c39e90264f33305004495a9","hash":"f54c9edf91daef48b76a6ecce4f58cb03b028a3c"}
}
